<?xml version="1.0" encoding="UTF-8"?>
<testsuite xmlns:xsi="http://www.w3.org/2001/XMLSchema-instance" xsi:noNamespaceSchemaLocation="https://maven.apache.org/surefire/maven-surefire-plugin/xsd/surefire-test-report.xsd" name="com.bda.sga2.repository.AuthorRepositoryTest" time="3.361" tests="4" errors="0" skipped="0" failures="0">
  <properties>
[...]
</properties>
  <testcase name="updateAuthor" classname="com.bda.sga2.repository.AuthorRepositoryTest" time="0.36"/>
  <testcase name="findAll" classname="com.bda.sga2.repository.AuthorRepositoryTest" time="0.071"/>
  <testcase name="deleteById" classname="com.bda.sga2.repository.AuthorRepositoryTest" time="0.019"/>
  <testcase name="saveAndFindById" classname="com.bda.sga2.repository.AuthorRepositoryTest" time="0.009"/>
</testsuite>